<?xml version="1.0" encoding="UTF-8"?>
<!-- Generated by org.testng.reporters.JUnitReportReporter -->
<testsuite hostname="DESKTOP-MOK7TM7" failures="0" tests="1" name="testng.Copypaste" time="3.099" errors="0" timestamp="2024-09-09T11:25:34 IST" skipped="0">
  <testcase classname="testng.Copypaste" name="test" time="3.099"/>
  <system-out/>
</testsuite> <!-- testng.Copypaste -->
