<?xml version="1.0" encoding="UTF-8"?>
<!-- Generated by org.testng.reporters.JUnitReportReporter -->
<testsuite hostname="DESKTOP-MOK7TM7" failures="0" tests="1" name="testng.Facebook" time="1.282" errors="0" timestamp="2024-09-06T12:13:04 IST" skipped="0">
  <testcase classname="testng.Facebook" name="test" time="1.282"/>
  <system-out/>
</testsuite> <!-- testng.Facebook -->
