<?xml version="1.0" encoding="UTF-8"?>
<!-- Generated by org.testng.reporters.JUnitReportReporter -->
<testsuite hostname="DESKTOP-MOK7TM7" failures="0" tests="1" name="testng.Ebay" time="4.103" errors="0" timestamp="2024-09-09T12:46:55 IST" skipped="0">
  <testcase classname="testng.Ebay" name="test" time="4.103"/>
  <system-out/>
</testsuite> <!-- testng.Ebay -->
