<?xml version="1.0" encoding="UTF-8"?>
<!-- Generated by org.testng.reporters.JUnitReportReporter -->
<testsuite hostname="DESKTOP-MOK7TM7" failures="0" tests="3" name="testng.Crossbrowsertesting" time="6.332" errors="0" timestamp="2024-09-10T11:24:34 IST" skipped="0">
  <testcase classname="testng.Crossbrowsertesting" name="test" time="2.719"/>
  <system-out/>
  <testcase classname="testng.Crossbrowsertesting" name="test" time="2.338"/>
  <system-out/>
  <testcase classname="testng.Crossbrowsertesting" name="test" time="1.275"/>
  <system-out/>
</testsuite> <!-- testng.Crossbrowsertesting -->
