<?xml version="1.0" encoding="UTF-8"?>
<!-- Generated by org.testng.reporters.JUnitReportReporter -->
<testsuite hostname="DESKTOP-MOK7TM7" failures="0" tests="4" name="testng.Testngdemo" time="0.018" errors="0" timestamp="2024-09-05T12:36:07 IST" skipped="0">
  <testcase classname="testng.Testngdemo" name="test2" time="0.006"/>
  <system-out/>
  <testcase classname="testng.Testngdemo" name="test1" time="0.002"/>
  <system-out/>
  <testcase classname="testng.Testngdemo" name="test1" time="0.001"/>
  <system-out/>
  <testcase classname="testng.Testngdemo" name="test1" time="0.009"/>
  <system-out/>
</testsuite> <!-- testng.Testngdemo -->
