<?xml version="1.0" encoding="UTF-8"?>
<!-- Generated by org.testng.reporters.JUnitReportReporter -->
<testsuite hostname="DESKTOP-MOK7TM7" failures="0" tests="1" name="testng.Fblogintest" time="25.976" errors="0" timestamp="2024-09-11T11:15:18 IST" skipped="0">
  <testcase classname="testng.Fblogintest" name="fblogin" time="25.976"/>
  <system-out/>
</testsuite> <!-- testng.Fblogintest -->
