<?xml version="1.0" encoding="UTF-8"?>
<!-- Generated by org.testng.reporters.JUnitReportReporter -->
<testsuite hostname="DESKTOP-MOK7TM7" failures="0" tests="1" name="testng.Parameters1" time="0.015" errors="0" timestamp="2024-09-06T11:22:54 IST" skipped="0">
  <testcase classname="testng.Parameters1" name="test1" time="0.015"/>
  <system-out/>
</testsuite> <!-- testng.Parameters1 -->
