<?xml version="1.0" encoding="UTF-8"?>
<!-- Generated by org.testng.reporters.JUnitReportReporter -->
<testsuite hostname="DESKTOP-MOK7TM7" failures="0" tests="1" name="testng.Doubleclick" time="0.555" errors="0" timestamp="2024-09-09T12:22:28 IST" skipped="0">
  <testcase classname="testng.Doubleclick" name="test" time="0.555"/>
  <system-out/>
</testsuite> <!-- testng.Doubleclick -->
